#
# A fatal error has been detected by the Java Runtime Environment:
#
#  EXCEPTION_ACCESS_VIOLATION (0xc0000005) at pc=0x00000000, pid=8264, tid=0x00000aa8
#
# JRE version: Java(TM) SE Runtime Environment (8.0_121-b13) (build 1.8.0_121-b13)
# Java VM: Java HotSpot(TM) Client VM (25.121-b13 mixed mode, sharing windows-x86 )
# Problematic frame:
# C  0x00000000
#
# Failed to write core dump. Minidumps are not enabled by default on client versions of Windows
#
# If you would like to submit a bug report, please visit:
#   http://bugreport.java.com/bugreport/crash.jsp
# The crash happened outside the Java Virtual Machine in native code.
# See problematic frame for where to report the bug.
#

---------------  T H R E A D  ---------------

Current thread (0x02bad800):  JavaThread "main" [_thread_in_native, id=2728, stack(0x012e0000,0x01330000)]

siginfo: ExceptionCode=0xc0000005, ExceptionInformation=0x00000008 0x00000000

Registers:
EAX=0x18ab8018, EBX=0x158871a0, ECX=0x01062228, EDX=0x1588a8d8
ESP=0x0132da2c, EBP=0x0132da48, ESI=0x158871a0, EDI=0x02bad800
EIP=0x00000000, EFLAGS=0x00010216

Top of Stack: (sp=0x0132da2c)
0x0132da2c:   5fee3f07 02bad800 158871a0 158871a0
0x0132da3c:   5fde425a e459b102 00000040 0132da8c
0x0132da4c:   02c3d3d3 02bad940 0132daa4 01062228
0x0132da5c:   02bad800 0101e914 0132daa4 5fdf035a
0x0132da6c:   0132da6c 00000000 0132daa4 1588a8d8
0x0132da7c:   00000000 158871a0 00000000 0132da9c
0x0132da8c:   0132dac8 02c347b4 00000000 02c39d26
0x0132da9c:   01062228 02bad800 04fabd18 0132daa8 

Instructions: (pc=0x00000000)
0xffffffe0:   


Register to memory mapping:

EAX=0x18ab8018 is an unknown value
EBX={method} {0x158871a4} 'self_native' '(J)Lbwapi/Player;' in 'bwapi/Game'
ECX=0x01062228 is an unknown value
EDX=0x1588a8d8 is pointing into metadata
ESP=0x0132da2c is pointing into the stack for thread: 0x02bad800
EBP=0x0132da48 is pointing into the stack for thread: 0x02bad800
ESI={method} {0x158871a4} 'self_native' '(J)Lbwapi/Player;' in 'bwapi/Game'
EDI=0x02bad800 is a thread


Stack: [0x012e0000,0x01330000],  sp=0x0132da2c,  free space=310k
Java frames: (J=compiled Java code, j=interpreted, Vv=VM code)
j  bwapi.Game.self_native(J)Lbwapi/Player;+0
j  bwapi.Game.self()Lbwapi/Player;+5
j  TestBot1.onStart()V+16
j  bwapi.AIModule.onStart()V+11
v  ~StubRoutines::call_stub
j  bwapi.Mirror.startGame()V+0
j  TestBot1.run()V+15
j  TestBot1.main([Ljava/lang/String;)V+7
v  ~StubRoutines::call_stub
j  sun.reflect.NativeMethodAccessorImpl.invoke0(Ljava/lang/reflect/Method;Ljava/lang/Object;[Ljava/lang/Object;)Ljava/lang/Object;+0
j  sun.reflect.NativeMethodAccessorImpl.invoke(Ljava/lang/Object;[Ljava/lang/Object;)Ljava/lang/Object;+100
j  sun.reflect.DelegatingMethodAccessorImpl.invoke(Ljava/lang/Object;[Ljava/lang/Object;)Ljava/lang/Object;+6
j  java.lang.reflect.Method.invoke(Ljava/lang/Object;[Ljava/lang/Object;)Ljava/lang/Object;+56
j  com.intellij.rt.execution.application.AppMain.main([Ljava/lang/String;)V+170
v  ~StubRoutines::call_stub

---------------  P R O C E S S  ---------------

Java Threads: ( => current thread )
  0x16345400 JavaThread "Monitor Ctrl-Break" daemon [_thread_in_native, id=4744, stack(0x16520000,0x16570000)]
  0x02b3c400 JavaThread "Service Thread" daemon [_thread_blocked, id=11560, stack(0x16200000,0x16250000)]
  0x02b24400 JavaThread "C1 CompilerThread0" daemon [_thread_blocked, id=10684, stack(0x16170000,0x161c0000)]
  0x02b23000 JavaThread "Attach Listener" daemon [_thread_blocked, id=508, stack(0x15b70000,0x15bc0000)]
  0x02b17800 JavaThread "Signal Dispatcher" daemon [_thread_blocked, id=6428, stack(0x14f60000,0x14fb0000)]
  0x02b15800 JavaThread "Finalizer" daemon [_thread_blocked, id=3248, stack(0x14ed0000,0x14f20000)]
  0x02ab8400 JavaThread "Reference Handler" daemon [_thread_blocked, id=6632, stack(0x14e40000,0x14e90000)]
=>0x02bad800 JavaThread "main" [_thread_in_native, id=2728, stack(0x012e0000,0x01330000)]

Other Threads:
  0x02ab4c00 VMThread [stack: 0x04d80000,0x04dd0000] [id=8064]
  0x02b50800 WatcherThread [stack: 0x16290000,0x162e0000] [id=7224]

VM state:not at safepoint (normal execution)

VM Mutex/Monitor currently owned by a thread: None

Heap:
 def new generation   total 4928K, used 2212K [0x04e00000, 0x05350000, 0x0a350000)
  eden space 4416K,  50% used [0x04e00000, 0x05029218, 0x05250000)
  from space 512K,   0% used [0x05250000, 0x05250000, 0x052d0000)
  to   space 512K,   0% used [0x052d0000, 0x052d0000, 0x05350000)
 tenured generation   total 10944K, used 0K [0x0a350000, 0x0ae00000, 0x14e00000)
   the space 10944K,   0% used [0x0a350000, 0x0a350000, 0x0a350200, 0x0ae00000)
 Metaspace       used 522K, capacity 2600K, committed 2624K, reserved 4480K

Card table byte_map: [0x04cb0000,0x04d40000] byte_map_base: 0x04c89000

Polling page: 0x01330000

CodeCache: size=32768Kb used=771Kb max_used=771Kb free=31996Kb
 bounds [0x02c30000, 0x02cf8000, 0x04c30000]
 total_blobs=213 nmethods=67 adapters=77
 compilation: enabled

Compilation events (10 events):
Event: 195.093 Thread 0x02b24400   63             java.util.HashMap::getNode (148 bytes)
Event: 195.093 Thread 0x02b24400 nmethod 63 0x02cefe08 code [0x02ceff40, 0x02cf0174]
Event: 195.094 Thread 0x02b24400   64             java.util.HashMap::get (23 bytes)
Event: 195.094 Thread 0x02b24400 nmethod 64 0x02cf0388 code [0x02cf04a0, 0x02cf05a8]
Event: 195.116 Thread 0x02b24400   65             java.util.ArrayList::access$100 (5 bytes)
Event: 195.116 Thread 0x02b24400 nmethod 65 0x02cf0688 code [0x02cf0780, 0x02cf07f0]
Event: 195.117 Thread 0x02b24400   66             java.lang.Long::equals (30 bytes)
Event: 195.118 Thread 0x02b24400 nmethod 66 0x02cf0848 code [0x02cf0940, 0x02cf0a50]
Event: 195.118 Thread 0x02b24400   67             java.lang.Long::longValue (5 bytes)
Event: 195.118 Thread 0x02b24400 nmethod 67 0x02cf0ac8 code [0x02cf0bc0, 0x02cf0c40]

GC Heap History (0 events):
No events

Deoptimization events (0 events):
No events

Internal exceptions (2 events):
Event: 0.019 Thread 0x02bad800 Exception <a 'java/lang/NoSuchMethodError': Method sun.misc.Unsafe.defineClass(Ljava/lang/String;[BII)Ljava/lang/Class; name or signature does not match> (0x04e079c0) thrown at [C:\workspace\8-2-build-windows-i586-cygwin\jdk8u121\8372\hotspot\src\share\vm
Event: 0.019 Thread 0x02bad800 Exception <a 'java/lang/NoSuchMethodError': Method sun.misc.Unsafe.prefetchRead(Ljava/lang/Object;J)V name or signature does not match> (0x04e07c90) thrown at [C:\workspace\8-2-build-windows-i586-cygwin\jdk8u121\8372\hotspot\src\share\vm\prims\jni.cpp, li

Events (10 events):
Event: 195.005 loading class bwta/BaseLocation
Event: 195.005 loading class bwta/BaseLocation done
Event: 195.066 loading class bwta/Region
Event: 195.066 loading class bwta/Region done
Event: 195.070 loading class bwapi/CenteredObject
Event: 195.070 loading class bwapi/CenteredObject done
Event: 195.070 loading class bwta/Polygon
Event: 195.070 loading class bwta/Polygon done
Event: 195.115 loading class bwapi/TilePosition
Event: 195.115 loading class bwapi/TilePosition done


Dynamic libraries:
0x009a0000 - 0x009d3000 	C:\Program Files (x86)\Java\jdk1.8.0_121\bin\java.exe
0x77020000 - 0x771a3000 	C:\Windows\SYSTEM32\ntdll.dll
0x769d0000 - 0x76ab0000 	C:\Windows\System32\KERNEL32.DLL
0x76660000 - 0x76801000 	C:\Windows\System32\KERNELBASE.dll
0x697f0000 - 0x69882000 	C:\Windows\system32\apphelp.dll
0x74170000 - 0x741e7000 	C:\Windows\System32\ADVAPI32.dll
0x73b40000 - 0x73bfe000 	C:\Windows\System32\msvcrt.dll
0x74a00000 - 0x74a41000 	C:\Windows\System32\sechost.dll
0x744b0000 - 0x74571000 	C:\Windows\System32\RPCRT4.dll
0x73ae0000 - 0x73afe000 	C:\Windows\System32\SspiCli.dll
0x73ad0000 - 0x73ada000 	C:\Windows\System32\CRYPTBASE.dll
0x74b40000 - 0x74b9a000 	C:\Windows\System32\bcryptPrimitives.dll
0x76820000 - 0x7697f000 	C:\Windows\System32\USER32.dll
0x749d0000 - 0x749e5000 	C:\Windows\System32\win32u.dll
0x76ff0000 - 0x7701b000 	C:\Windows\System32\GDI32.dll
0x76ca0000 - 0x76dfb000 	C:\Windows\System32\gdi32full.dll
0x6fba0000 - 0x6fdaa000 	C:\Windows\WinSxS\x86_microsoft.windows.common-controls_6595b64144ccf1df_6.0.14393.953_none_89c2555adb023171\COMCTL32.dll
0x74290000 - 0x744a1000 	C:\Windows\System32\combase.dll
0x76bc0000 - 0x76ca0000 	C:\Windows\System32\ucrtbase.dll
0x76fc0000 - 0x76fe5000 	C:\Windows\System32\IMM32.DLL
0x60590000 - 0x6064f000 	C:\Program Files (x86)\Java\jdk1.8.0_121\jre\bin\msvcr100.dll
0x601c0000 - 0x6058e000 	C:\Program Files (x86)\Java\jdk1.8.0_121\jre\bin\client\jvm.dll
0x749c0000 - 0x749c6000 	C:\Windows\System32\PSAPI.DLL
0x71130000 - 0x71138000 	C:\Windows\SYSTEM32\WSOCK32.dll
0x736f0000 - 0x73714000 	C:\Windows\SYSTEM32\WINMM.dll
0x73a20000 - 0x73a28000 	C:\Windows\SYSTEM32\VERSION.dll
0x74ad0000 - 0x74b33000 	C:\Windows\System32\WS2_32.dll
0x736c0000 - 0x736e3000 	C:\Windows\SYSTEM32\WINMMBASE.dll
0x73b00000 - 0x73b36000 	C:\Windows\System32\cfgmgr32.dll
0x62e10000 - 0x62e1c000 	C:\Program Files (x86)\Java\jdk1.8.0_121\jre\bin\verify.dll
0x60190000 - 0x601b1000 	C:\Program Files (x86)\Java\jdk1.8.0_121\jre\bin\java.dll
0x60170000 - 0x60183000 	C:\Program Files (x86)\Java\jdk1.8.0_121\jre\bin\zip.dll
0x74ba0000 - 0x75f78000 	C:\Windows\System32\SHELL32.dll
0x73c00000 - 0x7416e000 	C:\Windows\System32\windows.storage.dll
0x76f00000 - 0x76f45000 	C:\Windows\System32\powrprof.dll
0x76980000 - 0x769c6000 	C:\Windows\System32\shlwapi.dll
0x76e90000 - 0x76e9d000 	C:\Windows\System32\kernel.appcore.dll
0x76e00000 - 0x76e88000 	C:\Windows\System32\shcore.dll
0x76f50000 - 0x76f5f000 	C:\Windows\System32\profapi.dll
0x02c10000 - 0x02c17000 	C:\Programy\JetBrains\IntelliJ IDEA 2016.3.4\bin\breakgen.dll
0x60150000 - 0x60166000 	C:\Program Files (x86)\Java\jdk1.8.0_121\jre\bin\net.dll
0x73650000 - 0x7369e000 	C:\Windows\system32\mswsock.dll
0x5fec0000 - 0x60146000 	D:\ExampleBot\bwapi_bridge2_5.dll
0x5fdd0000 - 0x5febe000 	C:\Windows\SYSTEM32\MSVCR120.dll
0x5fd50000 - 0x5fdc1000 	C:\Windows\SYSTEM32\MSVCP120.dll
0x6acc0000 - 0x6ad27000 	C:\Windows\libgmp-10.dll
0x6f540000 - 0x6f59e000 	C:\Windows\libmpfr-4.dll
0x6de50000 - 0x6df95000 	C:\Windows\SYSTEM32\dbghelp.dll

VM Arguments:
jvm_args: -Didea.launcher.port=7533 -Didea.launcher.bin.path=C:\Programy\JetBrains\IntelliJ IDEA 2016.3.4\bin -Dfile.encoding=UTF-8 
java_command: com.intellij.rt.execution.application.AppMain TestBot1
java_class_path (initial): D:\ExampleBot\bin;C:\Program Files (x86)\Java\jdk1.8.0_121\jre\lib\charsets.jar;C:\Program Files (x86)\Java\jdk1.8.0_121\jre\lib\deploy.jar;C:\Program Files (x86)\Java\jdk1.8.0_121\jre\lib\ext\access-bridge-32.jar;C:\Program Files (x86)\Java\jdk1.8.0_121\jre\lib\ext\cldrdata.jar;C:\Program Files (x86)\Java\jdk1.8.0_121\jre\lib\ext\dnsns.jar;C:\Program Files (x86)\Java\jdk1.8.0_121\jre\lib\ext\jaccess.jar;C:\Program Files (x86)\Java\jdk1.8.0_121\jre\lib\ext\jfxrt.jar;C:\Program Files (x86)\Java\jdk1.8.0_121\jre\lib\ext\localedata.jar;C:\Program Files (x86)\Java\jdk1.8.0_121\jre\lib\ext\nashorn.jar;C:\Program Files (x86)\Java\jdk1.8.0_121\jre\lib\ext\sunec.jar;C:\Program Files (x86)\Java\jdk1.8.0_121\jre\lib\ext\sunjce_provider.jar;C:\Program Files (x86)\Java\jdk1.8.0_121\jre\lib\ext\sunmscapi.jar;C:\Program Files (x86)\Java\jdk1.8.0_121\jre\lib\ext\sunpkcs11.jar;C:\Program Files (x86)\Java\jdk1.8.0_121\jre\lib\ext\zipfs.jar;C:\Program Files (x86)\Java\jdk1.8.0_121\jre\lib\javaws.jar;C:\Program Files (x86)\Java\jdk1.8.0_121\jre\lib\jce.jar;C:\Program Files (x86)\Java\jdk1.8.0_121\jre\lib\jfr.jar;C:\Program Files (x86)\Java\jdk1.8.0_121\jre\lib\jfxswt.jar;C:\Program Files (x86)\Java\jdk1.8.0_121\jre\lib\jsse.jar;C:\Program Files (x86)\Java\jdk1.8.0_121\jre\lib\management-agent.jar;C:\Program Files (x86)\Java\jdk1.8.0_121\jre\lib\plugin.jar;C:\Program Files (x86)\Java\jdk1.8.0_121\jre\lib\resources.jar;C:\Program Files (x86)\Java\jdk1.8.0_121\jre\lib\rt.jar;D:\ExampleBot\lib\bwmirror_v2_5.jar;C:\Programy\JetBrains\IntelliJ IDEA 2016.3.4\lib\idea_rt.jar
Launcher Type: SUN_STANDARD

Environment Variables:
PATH=C:\ProgramData\Oracle\Java\javapath;C:\Windows\system32;C:\Windows;C:\Windows\System32\Wbem;C:\Windows\System32\WindowsPowerShell\v1.0\;C:\Program Files (x86)\NVIDIA Corporation\PhysX\Common;C:\Program Files\Microsoft SQL Server\130\Tools\Binn\;C:\Program Files\Calibre2\;C:\Program Files (x86)\GtkSharp\2.12\bin;C:\Program Files\Common Files\Autodesk Shared\;C:\Program Files (x86)\Autodesk\Backburner\;C:\Program Files\Microsoft SQL Server\120\Tools\Binn\;C:\Program Files (x86)\nodejs\;C:\Program Files\Git\cmd;C:\Program Files (x86)\Windows Kits\10\Windows Performance Toolkit\;C:\Program Files\Microsoft\Web Platform Installer\;C:\Program Files\dotnet\;C:\Program Files\Microsoft SQL Server\Client SDK\ODBC\110\Tools\Binn\;C:\Program Files (x86)\Microsoft SQL Server\120\Tools\Binn\;C:\Program Files\Microsoft SQL Server\120\DTS\Binn\;C:\Program Files (x86)\Microsoft SQL Server\120\Tools\Binn\ManagementStudio\;C:\Program Files (x86)\Microsoft SQL Server\120\DTS\Binn\;C:\Users\lukas\cocos2d-x-3.14.1\templates;C:\Users\lukas\cocos2d-x-3.14.1\tools\cocos2d-console\bin;C:\Users\lukas\AppData\Local\Microsoft\WindowsApps;C:\Users\lukas\AppData\Local\atom\bin;C:\Users\lukas\AppData\Roaming\npm;C:\Python27;C:\Users\lukas\AppData\Local\Programs\Python\Python36;C:\Users\lukas\AppData\Local\Programs\Python\Python36\Lib\site-packages\;C:\Users\lukas\AppData\Local\Programs\Python\Python36\Scripts;C:\Users\lukas\AppData\Local\ffmpeg;C:\Users\lukas\AppData\Local\youtube-dl
USERNAME=lukas
OS=Windows_NT
PROCESSOR_IDENTIFIER=Intel64 Family 6 Model 60 Stepping 3, GenuineIntel



---------------  S Y S T E M  ---------------

OS: Windows 10.0 , 64 bit Build 14393 (10.0.14393.0)

CPU:total 8 (4 cores per cpu, 2 threads per core) family 6 model 60 stepping 3, cmov, cx8, fxsr, mmx, sse, sse2, sse3, ssse3, sse4.1, sse4.2, popcnt, avx, avx2, aes, clmul, erms, lzcnt, ht, tsc, tscinvbit, bmi1, bmi2

Memory: 4k page, physical 8274980k(1650372k free), swap 15090724k(5944236k free)

vm_info: Java HotSpot(TM) Client VM (25.121-b13) for windows-x86 JRE (1.8.0_121-b13), built on Dec 12 2016 18:17:00 by "java_re" with MS VC++ 10.0 (VS2010)

time: Wed May 03 22:56:44 2017
elapsed time: 205 seconds (0d 0h 3m 25s)

